\BOOKMARK [1][-]{section.1}{\376\377\000I\000n\000t\000r\000o\000d\000u\000c\000t\000i\000o\000n}{}% 1
\BOOKMARK [1][-]{section.2}{\376\377\000T\000o\000p\000o\000l\000o\000g\000i\000e\000\040\000e\000t\000\040\000p\000a\000r\000a\000m\000\350\000t\000r\000e\000s\000\040\000d\000e\000\040\000s\000i\000m\000u\000l\000a\000t\000i\000o\000n}{}% 2
\BOOKMARK [2][-]{subsection.2.1}{\376\377\000T\000o\000p\000o\000l\000o\000g\000i\000e\000\040\000g\000\351\000n\000\351\000r\000a\000l\000e}{section.2}% 3
\BOOKMARK [2][-]{subsection.2.2}{\376\377\000T\000r\000a\000f\000i\000c\000\040\000g\000\351\000n\000\351\000r\000\351}{section.2}% 4
\BOOKMARK [2][-]{subsection.2.3}{\376\377\000M\000e\000s\000u\000r\000e\000s\000\040\000e\000t\000\040\000p\000o\000s\000t\000-\000t\000r\000a\000i\000t\000e\000m\000e\000n\000t}{section.2}% 5
\BOOKMARK [2][-]{subsection.2.4}{\376\377\000P\000a\000r\000a\000m\000\350\000t\000r\000e\000s\000\040\000c\000o\000m\000m\000u\000n\000s}{section.2}% 6
\BOOKMARK [1][-]{section.3}{\376\377\000P\000a\000r\000t\000i\000e\000\040\0001\000.\0001\000\040\040\023\000\040\000P\000a\000r\000t\000a\000g\000e\000\040\000d\000u\000\040\000g\000o\000u\000l\000e\000t\000\040\000e\000n\000t\000r\000e\000\040\0006\000\040\000f\000l\000u\000x\000\040\000T\000C\000P}{}% 7
\BOOKMARK [2][-]{subsection.3.1}{\376\377\000O\000b\000j\000e\000c\000t\000i\000f}{section.3}% 8
\BOOKMARK [2][-]{subsection.3.2}{\376\377\000S\000c\000\351\000n\000a\000r\000i\000o\000\040\000e\000t\000\040\000m\000\351\000t\000h\000o\000d\000o\000l\000o\000g\000i\000e}{section.3}% 9
\BOOKMARK [2][-]{subsection.3.3}{\376\377\000R\000\351\000s\000u\000l\000t\000a\000t\000s}{section.3}% 10
\BOOKMARK [2][-]{subsection.3.4}{\376\377\000A\000n\000a\000l\000y\000s\000e}{section.3}% 11
\BOOKMARK [1][-]{section.4}{\376\377\000P\000a\000r\000t\000i\000e\000\040\0001\000.\0002\000\040\040\023\000\040\000E\000f\000f\000e\000t\000\040\000d\000e\000\040\000l\000a\000\040\000c\000o\000n\000g\000e\000s\000t\000i\000o\000n\000\040\000e\000t\000\040\000d\000u\000\040\000R\000T\000T}{}% 12
\BOOKMARK [2][-]{subsection.4.1}{\376\377\000O\000b\000j\000e\000c\000t\000i\000f}{section.4}% 13
\BOOKMARK [2][-]{subsection.4.2}{\376\377\000S\000c\000\351\000n\000a\000r\000i\000o\000s\000\040\000e\000t\000\040\000m\000\351\000t\000h\000o\000d\000o\000l\000o\000g\000i\000e}{section.4}% 14
\BOOKMARK [2][-]{subsection.4.3}{\376\377\000R\000\351\000s\000u\000l\000t\000a\000t\000s}{section.4}% 15
\BOOKMARK [2][-]{subsection.4.4}{\376\377\000A\000n\000a\000l\000y\000s\000e}{section.4}% 16
\BOOKMARK [1][-]{section.5}{\376\377\000P\000a\000r\000t\000i\000e\000\040\0001\000.\0003\000\040\040\023\000\040\000C\000o\000m\000p\000a\000r\000a\000i\000s\000o\000n\000\040\000d\000e\000s\000\040\000v\000e\000r\000s\000i\000o\000n\000s\000\040\000T\000C\000P}{}% 17
\BOOKMARK [2][-]{subsection.5.1}{\376\377\000O\000b\000j\000e\000c\000t\000i\000f}{section.5}% 18
\BOOKMARK [2][-]{subsection.5.2}{\376\377\000S\000c\000\351\000n\000a\000r\000i\000o\000s\000\040\000e\000t\000\040\000m\000\351\000t\000h\000o\000d\000o\000l\000o\000g\000i\000e}{section.5}% 19
\BOOKMARK [2][-]{subsection.5.3}{\376\377\000R\000\351\000s\000u\000l\000t\000a\000t\000s}{section.5}% 20
\BOOKMARK [3][-]{subsubsection.5.3.1}{\376\377\000D\000\351\000b\000i\000t\000\040\000p\000a\000r\000\040\000f\000l\000u\000x\000\040\000e\000t\000\040\000d\000\351\000b\000i\000t\000\040\000t\000o\000t\000a\000l}{subsection.5.3}% 21
\BOOKMARK [3][-]{subsubsection.5.3.2}{\376\377\000F\000i\000l\000e\000s\000\040\000d\040\031\000a\000t\000t\000e\000n\000t\000e\000\040\000e\000t\000\040\000p\000e\000r\000t\000e\000s\000\040\000a\000u\000\040\000g\000o\000u\000l\000e\000t}{subsection.5.3}% 22
\BOOKMARK [3][-]{subsubsection.5.3.3}{\376\377\000\311\000q\000u\000i\000t\000\351\000\040\000e\000n\000t\000r\000e\000\040\000f\000l\000u\000x}{subsection.5.3}% 23
\BOOKMARK [2][-]{subsection.5.4}{\376\377\000A\000n\000a\000l\000y\000s\000e}{section.5}% 24
\BOOKMARK [1][-]{section.6}{\376\377\000P\000a\000r\000t\000i\000e\000\040\0001\000.\0004\000\040\040\023\000\040\000I\000n\000f\000l\000u\000e\000n\000c\000e\000\040\000d\000e\000\040\000l\000a\000\040\000t\000a\000i\000l\000l\000e\000\040\000d\000e\000\040\000f\000i\000l\000e\000\040\000e\000t\000\040\000d\000e\000\040\000l\040\031\000a\000l\000g\000o\000r\000i\000t\000h\000m\000e\000\040\000R\000E\000D}{}% 25
\BOOKMARK [2][-]{subsection.6.1}{\376\377\000O\000b\000j\000e\000c\000t\000i\000f}{section.6}% 26
\BOOKMARK [2][-]{subsection.6.2}{\376\377\000S\000c\000\351\000n\000a\000r\000i\000o\000s\000\040\000e\000t\000\040\000m\000\351\000t\000h\000o\000d\000o\000l\000o\000g\000i\000e}{section.6}% 27
\BOOKMARK [2][-]{subsection.6.3}{\376\377\000R\000\351\000s\000u\000l\000t\000a\000t\000s}{section.6}% 28
\BOOKMARK [3][-]{subsubsection.6.3.1}{\376\377\000D\000\351\000b\000i\000t\000\040\000t\000o\000t\000a\000l\000\040\000e\000t\000\040\000\351\000q\000u\000i\000t\000\351}{subsection.6.3}% 29
\BOOKMARK [3][-]{subsubsection.6.3.2}{\376\377\000P\000e\000r\000t\000e\000s\000\040\000a\000u\000\040\000g\000o\000u\000l\000e\000t}{subsection.6.3}% 30
\BOOKMARK [3][-]{subsubsection.6.3.3}{\376\377\000T\000a\000i\000l\000l\000e\000\040\000m\000o\000y\000e\000n\000n\000e\000\040\000e\000t\000\040\000m\000a\000x\000i\000m\000a\000l\000e\000\040\000d\000e\000\040\000l\000a\000\040\000f\000i\000l\000e}{subsection.6.3}% 31
\BOOKMARK [2][-]{subsection.6.4}{\376\377\000A\000n\000a\000l\000y\000s\000e}{section.6}% 32
\BOOKMARK [1][-]{section.7}{\376\377\000P\000a\000r\000t\000i\000e\000\040\0001\000.\0005\000A\000\040\040\023\000\040\000S\000c\000a\000l\000a\000b\000i\000l\000i\000t\000\351\000\040\000d\000e\000s\000\040\000v\000a\000r\000i\000a\000n\000t\000e\000s\000\040\000T\000C\000P\000\040\000s\000u\000r\000\040\000u\000n\000\040\000l\000i\000e\000n\000\040\0001\0000\000\040\000G\000b\000p\000s}{}% 33
\BOOKMARK [2][-]{subsection.7.1}{\376\377\000O\000b\000j\000e\000c\000t\000i\000f}{section.7}% 34
\BOOKMARK [2][-]{subsection.7.2}{\376\377\000S\000c\000\351\000n\000a\000r\000i\000o\000\040\000e\000t\000\040\000m\000\351\000t\000h\000o\000d\000o\000l\000o\000g\000i\000e}{section.7}% 35
\BOOKMARK [2][-]{subsection.7.3}{\376\377\000R\000\351\000s\000u\000l\000t\000a\000t\000s}{section.7}% 36
\BOOKMARK [2][-]{subsection.7.4}{\376\377\000A\000n\000a\000l\000y\000s\000e}{section.7}% 37
\BOOKMARK [1][-]{section.8}{\376\377\000P\000a\000r\000t\000i\000e\000\040\0001\000.\0005\000B\000\040\040\023\000\040\000I\000m\000p\000a\000c\000t\000\040\000d\000u\000\040\000t\000r\000a\000f\000i\000c\000\040\000d\000e\000\040\000f\000o\000n\000d\000\040\000e\000t\000\040\000d\000e\000\040\000f\000l\000u\000x\000\040\000s\000u\000p\000p\000l\000\351\000m\000e\000n\000t\000a\000i\000r\000e\000s}{}% 38
\BOOKMARK [2][-]{subsection.8.1}{\376\377\000O\000b\000j\000e\000c\000t\000i\000f}{section.8}% 39
\BOOKMARK [2][-]{subsection.8.2}{\376\377\000S\000c\000\351\000n\000a\000r\000i\000o\000s\000\040\000e\000t\000\040\000m\000\351\000t\000h\000o\000d\000o\000l\000o\000g\000i\000e}{section.8}% 40
\BOOKMARK [2][-]{subsection.8.3}{\376\377\000R\000\351\000s\000u\000l\000t\000a\000t\000s}{section.8}% 41
\BOOKMARK [3][-]{subsubsection.8.3.1}{\376\377\000D\000\351\000b\000i\000t\000\040\000b\000r\000u\000t\000\040\000e\000t\000\040\000g\000o\000o\000d\000p\000u\000t}{subsection.8.3}% 42
\BOOKMARK [3][-]{subsubsection.8.3.2}{\376\377\000T\000a\000i\000l\000l\000e\000\040\000d\000e\000\040\000l\000a\000\040\000f\000i\000l\000e\000\040\000e\000t\000\040\000p\000e\000r\000t\000e\000s\000\040\000a\000u\000\040\000g\000o\000u\000l\000e\000t}{subsection.8.3}% 43
\BOOKMARK [3][-]{subsubsection.8.3.3}{\376\377\000S\000u\000r\000c\000o\000\373\000t\000\040\000d\000e\000s\000\040\000r\000e\000t\000r\000a\000n\000s\000m\000i\000s\000s\000i\000o\000n\000s}{subsection.8.3}% 44
\BOOKMARK [2][-]{subsection.8.4}{\376\377\000A\000n\000a\000l\000y\000s\000e}{section.8}% 45
\BOOKMARK [1][-]{appendix.A}{\376\377\000S\000c\000r\000i\000p\000t\000s\000\040\000T\000c\000l}{}% 46
\BOOKMARK [1][-]{appendix.B}{\376\377\000S\000c\000r\000i\000p\000t\000s\000\040\000A\000W\000K\000\040\000e\000t\000\040\000P\000y\000t\000h\000o\000n}{}% 47
\BOOKMARK [2][-]{subsection.B.1}{\376\377\000E\000x\000e\000m\000p\000l\000e\000\040\000A\000W\000K\000\040\000:\000\040\000d\000\351\000b\000i\000t\000\040\000m\000o\000y\000e\000n\000\040\000p\000a\000r\000\040\000f\000l\000u\000x\000\040\000T\000C\000P}{appendix.B}% 48
\BOOKMARK [2][-]{subsection.B.2}{\376\377\000E\000x\000e\000m\000p\000l\000e\000\040\000A\000W\000K\000\040\000:\000\040\000s\000t\000a\000t\000i\000s\000t\000i\000q\000u\000e\000s\000\040\000d\000e\000\040\000f\000i\000l\000e\000\040\000a\000u\000\040\000g\000o\000u\000l\000e\000t}{appendix.B}% 49
\BOOKMARK [2][-]{subsection.B.3}{\376\377\000E\000x\000e\000m\000p\000l\000e\000\040\000P\000y\000t\000h\000o\000n\000\040\000:\000\040\000g\000\351\000n\000\351\000r\000a\000t\000i\000o\000n\000\040\000d\000\040\000u\000n\000e\000\040\000f\000i\000g\000u\000r\000e\000\040\000d\000e\000\040\000d\000\351\000b\000i\000t}{appendix.B}% 50
